[2026-01-06T14:39:28+01:00] RAW INPUT: []
[2026-01-06T14:39:28+01:00] RAW INPUT: [{"date":"2025-09-08","type":"PEP_SICK","duration":1}]
[2026-01-06T14:40:04+01:00] RAW INPUT: [{"date":"2025-09-30","type":"OFF_CAROLE","person":"Carole","duration":1}]
[2026-01-06T14:40:04+01:00] RAW INPUT: []
[2026-01-06T14:40:52+01:00] RAW INPUT: [{"date":"2025-09-08","type":"PEP_SICK","duration":1}]
[2026-01-06T14:40:52+01:00] RAW INPUT: []
[2026-01-06T14:46:35+01:00] RAW INPUT: [{"date":"2025-09-22","type":"PEP_SICK","duration":1}]
[2026-01-06T14:47:20+01:00] RAW INPUT: [{"date":"2025-09-29","type":"PEP_SICK","duration":1}]
[2026-01-06T14:48:43+01:00] RAW INPUT: [{"date":"2025-09-30","type":"PEP_SICK","duration":1}]
[2026-01-06T15:00:55+01:00] RAW INPUT: [{"date":"2025-09-29","type":"PEP_SICK","duration":1}]
[2026-01-06T15:04:46+01:00] RAW INPUT: [{"date":"2025-10-17","type":"PEP_SICK","duration":1}]
[2026-01-06T15:10:42+01:00] RAW INPUT: [{"date":"2025-10-21","type":"PEP_SICK","duration":1}]
[2026-01-06T15:11:00+01:00] RAW INPUT: [{"date":"2025-10-24","type":"PEP_SICK","duration":1}]
[2026-01-06T15:11:10+01:00] RAW INPUT: [{"date":"2025-12-02","type":"PEP_SICK","duration":1}]
[2026-01-06T15:11:57+01:00] RAW INPUT: [{"date":"2025-09-23","type":"PEP_SICK","duration":1}]
[2026-01-06T15:17:03+01:00] RAW INPUT: [{"date":"2025-09-10","type":"CENTRE","duration":1}]
[2026-01-06T15:26:35+01:00] RAW INPUT: [{"date":"2025-10-06","type":"PEP_SICK","duration":1},{"date":"2025-10-07","type":"PEP_SICK","duration":1},{"date":"2025-10-08","type":"PEP_SICK","duration":1}]
[2026-01-07T10:04:23+01:00] RAW INPUT: [{"date":"2025-09-19","type":"OFF_CAROLE","person":"Carole","duration":1}]
[2026-01-07T11:10:59+01:00] RAW INPUT: [{"date":"2025-09-04","type":"CENTRE","duration":1}]
[2026-01-07T13:33:21+01:00] RAW INPUT: [{"date":"2025-09-08","type":"CENTRE","duration":1}]
[2026-01-07T13:33:26+01:00] RAW INPUT: [{"date":"2025-09-08","type":"OFF_CAROLE","person":"Carole","duration":1}]
[2026-01-07T13:33:32+01:00] RAW INPUT: [{"date":"2025-09-08","type":"PEP_SICK","duration":1}]
[2026-01-07T13:37:27+01:00] RAW INPUT: [{"date":"2025-10-13","type":"CENTRE","duration":1}]
[2026-01-07T14:26:31+01:00] RAW INPUT: [{"date":"2025-09-08","type":"OFF_CAROLE","person":"Carole","duration":1}]
[2026-01-07T14:26:36+01:00] RAW INPUT: [{"date":"2025-09-08","type":"OFF_CAROLE","person":"Carole","duration":1},{"date":"2025-09-09","type":"OFF_CAROLE","person":"Carole","duration":1}]
[2026-01-07T14:30:24+01:00] RAW INPUT: [{"date":"2025-10-06","type":"CENTRE","duration":1},{"date":"2025-10-07","type":"CENTRE","duration":1}]
[2026-01-08T09:21:34+01:00] RAW INPUT: [{"date":"2025-09-15","type":"EXTRA_OFF_CAROLE","person":"Carole","duration":1}]
[2026-01-08T09:21:38+01:00] RAW INPUT: [{"date":"2025-09-17","type":"EXTRA_OFF_CAROLE","person":"Carole","duration":1}]
[2026-01-08T09:21:58+01:00] RAW INPUT: [{"date":"2025-10-20","type":"CENTRE","duration":1},{"date":"2025-10-21","type":"CENTRE","duration":1},{"date":"2025-10-22","type":"CENTRE","duration":1},{"date":"2025-10-23","type":"CENTRE","duration":1},{"date":"2025-10-24","type":"CENTRE","duration":1}]
[2026-01-08T09:22:43+01:00] RAW INPUT: [{"date":"2025-12-22","type":"EXTRA_OFF_CAROLE","person":"Carole","duration":1},{"date":"2025-12-23","type":"EXTRA_OFF_CAROLE","person":"Carole","duration":1},{"date":"2025-12-24","type":"EXTRA_OFF_CAROLE","person":"Carole","duration":1}]
[2026-01-08T09:23:59+01:00] RAW INPUT: [{"date":"2025-12-22","type":"CENTRE","duration":1}]
[2026-01-08T09:24:00+01:00] RAW INPUT: [{"date":"2025-12-23","type":"CENTRE","duration":1}]
[2026-01-08T09:24:02+01:00] RAW INPUT: [{"date":"2025-12-24","type":"CENTRE","duration":1}]
